<?xml version="1.0" encoding="UTF-8"?>
<!-- Generated by org.testng.reporters.JUnitXMLReporter -->
<testsuite ignored="0" hostname="shavdas-MacBook-Pro.local" failures="0" tests="7" name="Default test" time="145.683" errors="0" timestamp="2021-01-31T14:22:40 EST">
  <testcase classname="com.progressiveTest.TestingArea" name="verifyHomePage" time="3.498"/>
  <testcase classname="com.progressiveTest.TestingArea" name="onlyAutoHomepage" time="0.384"/>
  <testcase classname="com.progressiveTest.TestingArea" name="personalInformationForstartQuote" time="16.455"/>
  <testcase classname="com.progressiveTest.TestingArea" name="vehiclesInformation" time="42.791"/>
  <testcase classname="com.progressiveTest.TestingArea" name="moreInformationAboutOwner" time="36.133"/>
  <testcase classname="com.progressiveTest.TestingArea" name="previousInsuranceInformation" time="24.793"/>
  <testcase classname="com.progressiveTest.TestingArea" name="enrollSnap" time="10.681"/>
</testsuite> <!-- Default test -->
