<?xml version="1.0" encoding="UTF-8"?>
<!-- Generated by org.testng.reporters.JUnitXMLReporter -->
<testsuite ignored="0" hostname="shavdas-MacBook-Pro.local" failures="0" tests="8" name="Test" time="205.804" errors="0" timestamp="2021-01-27T17:02:37 EST">
  <testcase classname="com.progressiveTest.TestingArea" name="verifyHomePage" time="3.45"/>
  <testcase classname="com.progressiveTest.TestingArea" name="onlyAutoHomepage" time="0.517"/>
  <testcase classname="com.GoogleTest.HomePageGoogleTest" name="GoogleSearch" time="12.812"/>
  <testcase classname="com.progressiveTest.TestingArea" name="personalInformationForstartQuote" time="21.529"/>
  <testcase classname="com.progressiveTest.TestingArea" name="vehiclesInformation" time="32.601"/>
  <testcase classname="com.progressiveTest.TestingArea" name="moreInformationAboutOwner" time="53.106"/>
  <testcase classname="com.progressiveTest.TestingArea" name="previousInsuranceInformation" time="12.362"/>
  <testcase classname="com.progressiveTest.TestingArea" name="enrollSnap" time="10.526"/>
</testsuite> <!-- Test -->
