<?xml version="1.0" encoding="UTF-8"?>
<testng-results ignored="0" total="8" passed="8" failed="0" skipped="0">
  <reporter-output>
  </reporter-output>
  <suite started-at="2021-01-27T16:59:06 EST" name="Suite" finished-at="2021-01-27T17:02:32 EST" duration-ms="205804">
    <groups>
    </groups>
    <test started-at="2021-01-27T16:59:06 EST" name="Test" finished-at="2021-01-27T17:02:32 EST" duration-ms="205804">
      <class name="com.GoogleTest.HomePageGoogleTest">
        <test-method is-config="true" signature="BeforeTest()[pri:0, instance:com.GoogleTest.HomePageGoogleTest@7e5afaa6]" started-at="2021-01-27T16:59:06 EST" name="BeforeTest" finished-at="2021-01-27T16:59:11 EST" duration-ms="4786" status="PASS">
          <reporter-output>
          </reporter-output>
        </test-method> <!-- BeforeTest -->
        <test-method signature="GoogleSearch()[pri:0, instance:com.GoogleTest.HomePageGoogleTest@7e5afaa6]" started-at="2021-01-27T16:59:24 EST" name="GoogleSearch" finished-at="2021-01-27T16:59:36 EST" duration-ms="12812" status="PASS">
          <reporter-output>
          </reporter-output>
        </test-method> <!-- GoogleSearch -->
        <test-method is-config="true" signature="AfterTest()[pri:0, instance:com.GoogleTest.HomePageGoogleTest@7e5afaa6]" started-at="2021-01-27T17:01:38 EST" name="AfterTest" finished-at="2021-01-27T17:01:38 EST" duration-ms="245" status="PASS">
          <reporter-output>
          </reporter-output>
        </test-method> <!-- AfterTest -->
      </class> <!-- com.GoogleTest.HomePageGoogleTest -->
      <class name="com.progressiveTest.TestingArea">
        <test-method is-config="true" signature="titleCheck()[pri:0, instance:com.progressiveTest.TestingArea@483f6d77]" started-at="2021-01-27T16:59:11 EST" name="titleCheck" finished-at="2021-01-27T16:59:24 EST" duration-ms="12696" status="PASS">
          <reporter-output>
          </reporter-output>
        </test-method> <!-- titleCheck -->
        <test-method signature="verifyHomePage()[pri:0, instance:com.progressiveTest.TestingArea@483f6d77]" started-at="2021-01-27T16:59:24 EST" name="verifyHomePage" finished-at="2021-01-27T16:59:27 EST" duration-ms="3450" status="PASS">
          <reporter-output>
          </reporter-output>
        </test-method> <!-- verifyHomePage -->
        <test-method signature="onlyAutoHomepage()[pri:1, instance:com.progressiveTest.TestingArea@483f6d77]" started-at="2021-01-27T16:59:27 EST" name="onlyAutoHomepage" finished-at="2021-01-27T16:59:28 EST" duration-ms="517" status="PASS">
          <reporter-output>
          </reporter-output>
        </test-method> <!-- onlyAutoHomepage -->
        <test-method signature="personalInformationForstartQuote()[pri:3, instance:com.progressiveTest.TestingArea@483f6d77]" started-at="2021-01-27T16:59:28 EST" name="personalInformationForstartQuote" finished-at="2021-01-27T16:59:49 EST" duration-ms="21529" status="PASS">
          <reporter-output>
          </reporter-output>
        </test-method> <!-- personalInformationForstartQuote -->
        <test-method signature="vehiclesInformation()[pri:5, instance:com.progressiveTest.TestingArea@483f6d77]" started-at="2021-01-27T16:59:49 EST" name="vehiclesInformation" finished-at="2021-01-27T17:00:22 EST" duration-ms="32601" status="PASS">
          <reporter-output>
          </reporter-output>
        </test-method> <!-- vehiclesInformation -->
        <test-method signature="moreInformationAboutOwner()[pri:6, instance:com.progressiveTest.TestingArea@483f6d77]" started-at="2021-01-27T17:00:22 EST" name="moreInformationAboutOwner" finished-at="2021-01-27T17:01:15 EST" duration-ms="53106" status="PASS">
          <reporter-output>
          </reporter-output>
        </test-method> <!-- moreInformationAboutOwner -->
        <test-method signature="previousInsuranceInformation()[pri:9, instance:com.progressiveTest.TestingArea@483f6d77]" started-at="2021-01-27T17:01:15 EST" name="previousInsuranceInformation" finished-at="2021-01-27T17:01:27 EST" duration-ms="12362" status="PASS">
          <reporter-output>
          </reporter-output>
        </test-method> <!-- previousInsuranceInformation -->
        <test-method signature="enrollSnap()[pri:14, instance:com.progressiveTest.TestingArea@483f6d77]" started-at="2021-01-27T17:01:27 EST" name="enrollSnap" finished-at="2021-01-27T17:01:38 EST" duration-ms="10526" status="PASS">
          <reporter-output>
          </reporter-output>
        </test-method> <!-- enrollSnap -->
        <test-method is-config="true" signature="terminateBrowser()[pri:0, instance:com.progressiveTest.TestingArea@483f6d77]" started-at="2021-01-27T17:01:38 EST" name="terminateBrowser" finished-at="2021-01-27T17:02:32 EST" duration-ms="53909" status="PASS">
          <reporter-output>
          </reporter-output>
        </test-method> <!-- terminateBrowser -->
      </class> <!-- com.progressiveTest.TestingArea -->
    </test> <!-- Test -->
  </suite> <!-- Suite -->
</testng-results>
