<?xml version="1.0" encoding="UTF-8"?>
<testng-results ignored="0" total="8" passed="8" failed="0" skipped="0">
  <reporter-output>
  </reporter-output>
  <suite started-at="2021-01-31T14:40:56 EST" name="Suite" finished-at="2021-01-31T14:43:47 EST" duration-ms="171228">
    <groups>
    </groups>
    <test started-at="2021-01-31T14:40:56 EST" name="Test" finished-at="2021-01-31T14:43:47 EST" duration-ms="171228">
      <class name="com.GoogleTest.HomePageGoogleTest">
        <test-method is-config="true" signature="BeforeTest()[pri:0, instance:com.GoogleTest.HomePageGoogleTest@383bfa16]" started-at="2021-01-31T14:40:56 EST" name="BeforeTest" finished-at="2021-01-31T14:40:59 EST" duration-ms="3875" status="PASS">
          <reporter-output>
          </reporter-output>
        </test-method> <!-- BeforeTest -->
        <test-method signature="GoogleSearch()[pri:0, instance:com.GoogleTest.HomePageGoogleTest@383bfa16]" started-at="2021-01-31T14:41:09 EST" name="GoogleSearch" finished-at="2021-01-31T14:41:22 EST" duration-ms="12621" status="PASS">
          <reporter-output>
          </reporter-output>
        </test-method> <!-- GoogleSearch -->
        <test-method is-config="true" signature="AfterTest()[pri:0, instance:com.GoogleTest.HomePageGoogleTest@383bfa16]" started-at="2021-01-31T14:43:38 EST" name="AfterTest" finished-at="2021-01-31T14:43:38 EST" duration-ms="231" status="PASS">
          <reporter-output>
          </reporter-output>
        </test-method> <!-- AfterTest -->
      </class> <!-- com.GoogleTest.HomePageGoogleTest -->
      <class name="com.progressiveTest.TestingArea">
        <test-method is-config="true" signature="titleCheck()[pri:0, instance:com.progressiveTest.TestingArea@71def8f8]" started-at="2021-01-31T14:40:59 EST" name="titleCheck" finished-at="2021-01-31T14:41:09 EST" duration-ms="9994" status="PASS">
          <reporter-output>
          </reporter-output>
        </test-method> <!-- titleCheck -->
        <test-method signature="verifyHomePage()[pri:0, instance:com.progressiveTest.TestingArea@71def8f8]" started-at="2021-01-31T14:41:09 EST" name="verifyHomePage" finished-at="2021-01-31T14:41:13 EST" duration-ms="3649" status="PASS">
          <reporter-output>
          </reporter-output>
        </test-method> <!-- verifyHomePage -->
        <test-method signature="onlyAutoHomepage()[pri:1, instance:com.progressiveTest.TestingArea@71def8f8]" started-at="2021-01-31T14:41:13 EST" name="onlyAutoHomepage" finished-at="2021-01-31T14:41:14 EST" duration-ms="430" status="PASS">
          <reporter-output>
          </reporter-output>
        </test-method> <!-- onlyAutoHomepage -->
        <test-method signature="personalInformationForstartQuote()[pri:3, instance:com.progressiveTest.TestingArea@71def8f8]" started-at="2021-01-31T14:41:14 EST" name="personalInformationForstartQuote" finished-at="2021-01-31T14:41:32 EST" duration-ms="18665" status="PASS">
          <reporter-output>
          </reporter-output>
        </test-method> <!-- personalInformationForstartQuote -->
        <test-method signature="vehiclesInformation()[pri:5, instance:com.progressiveTest.TestingArea@71def8f8]" started-at="2021-01-31T14:41:32 EST" name="vehiclesInformation" finished-at="2021-01-31T14:42:15 EST" duration-ms="42854" status="PASS">
          <reporter-output>
          </reporter-output>
        </test-method> <!-- vehiclesInformation -->
        <test-method signature="moreInformationAboutOwner()[pri:6, instance:com.progressiveTest.TestingArea@71def8f8]" started-at="2021-01-31T14:42:15 EST" name="moreInformationAboutOwner" finished-at="2021-01-31T14:42:51 EST" duration-ms="36082" status="PASS">
          <reporter-output>
          </reporter-output>
        </test-method> <!-- moreInformationAboutOwner -->
        <test-method signature="previousInsuranceInformation()[pri:9, instance:com.progressiveTest.TestingArea@71def8f8]" started-at="2021-01-31T14:42:51 EST" name="previousInsuranceInformation" finished-at="2021-01-31T14:43:16 EST" duration-ms="24709" status="PASS">
          <reporter-output>
          </reporter-output>
        </test-method> <!-- previousInsuranceInformation -->
        <test-method signature="enrollSnap()[pri:14, instance:com.progressiveTest.TestingArea@71def8f8]" started-at="2021-01-31T14:43:16 EST" name="enrollSnap" finished-at="2021-01-31T14:43:38 EST" duration-ms="22325" status="PASS">
          <reporter-output>
          </reporter-output>
        </test-method> <!-- enrollSnap -->
        <test-method is-config="true" signature="terminateBrowser()[pri:0, instance:com.progressiveTest.TestingArea@71def8f8]" started-at="2021-01-31T14:43:38 EST" name="terminateBrowser" finished-at="2021-01-31T14:43:47 EST" duration-ms="8344" status="PASS">
          <reporter-output>
          </reporter-output>
        </test-method> <!-- terminateBrowser -->
      </class> <!-- com.progressiveTest.TestingArea -->
    </test> <!-- Test -->
  </suite> <!-- Suite -->
</testng-results>
