<?xml version="1.0" encoding="UTF-8"?>
<!-- Generated by org.testng.reporters.JUnitXMLReporter -->
<testsuite ignored="0" hostname="shavdas-MacBook-Pro.local" failures="0" tests="8" name="Test" time="171.228" errors="0" timestamp="2021-01-31T14:43:52 EST">
  <testcase classname="com.progressiveTest.TestingArea" name="verifyHomePage" time="3.649"/>
  <testcase classname="com.progressiveTest.TestingArea" name="onlyAutoHomepage" time="0.43"/>
  <testcase classname="com.GoogleTest.HomePageGoogleTest" name="GoogleSearch" time="12.621"/>
  <testcase classname="com.progressiveTest.TestingArea" name="personalInformationForstartQuote" time="18.665"/>
  <testcase classname="com.progressiveTest.TestingArea" name="vehiclesInformation" time="42.854"/>
  <testcase classname="com.progressiveTest.TestingArea" name="moreInformationAboutOwner" time="36.082"/>
  <testcase classname="com.progressiveTest.TestingArea" name="previousInsuranceInformation" time="24.709"/>
  <testcase classname="com.progressiveTest.TestingArea" name="enrollSnap" time="22.325"/>
</testsuite> <!-- Test -->
